ts=2024-06-11T08:39:50.134Z caller=main.go:240 level=info msg="Starting Alertmanager" version="(version=0.25.0, branch=non-git, revision=non-git)"
ts=2024-06-11T08:39:50.134Z caller=main.go:241 level=info build_context="(go=go1.21.7, user=builder@d48d712ff792, date=20230208-00:00:00)"
ts=2024-06-11T08:39:51.264Z caller=coordinator.go:113 level=info component=configuration msg="Loading configuration file" file=/etc/alertmanager.yml
ts=2024-06-11T08:39:51.278Z caller=coordinator.go:126 level=info component=configuration msg="Completed loading of configuration file" file=/etc/alertmanager.yml
ts=2024-06-11T08:39:51.303Z caller=main.go:441 level=info component=configuration msg="skipping creation of receiver not referenced by any route" receiver=disabled
ts=2024-06-11T08:39:51.325Z caller=tls_config.go:232 level=info msg="Listening on" address=127.0.0.1:9093
ts=2024-06-11T08:39:51.325Z caller=tls_config.go:235 level=info msg="TLS is disabled." http2=false address=127.0.0.1:9093
ts=2024-06-11T08:40:03.610Z caller=coordinator.go:113 level=info component=configuration msg="Loading configuration file" file=/etc/alertmanager.yml
ts=2024-06-11T08:40:03.617Z caller=coordinator.go:126 level=info component=configuration msg="Completed loading of configuration file" file=/etc/alertmanager.yml
ts=2024-06-11T08:40:03.622Z caller=main.go:441 level=info component=configuration msg="skipping creation of receiver not referenced by any route" receiver=disabled
ts=2024-06-11T08:41:29.952Z caller=main.go:583 level=info msg="Received SIGTERM, exiting gracefully..."
ts=2024-06-11T08:41:45.717Z caller=main.go:240 level=info msg="Starting Alertmanager" version="(version=0.25.0, branch=non-git, revision=non-git)"
ts=2024-06-11T08:41:45.718Z caller=main.go:241 level=info build_context="(go=go1.21.7, user=builder@d48d712ff792, date=20230208-00:00:00)"
ts=2024-06-11T08:41:46.324Z caller=coordinator.go:113 level=info component=configuration msg="Loading configuration file" file=/etc/alertmanager.yml
ts=2024-06-11T08:41:46.325Z caller=coordinator.go:126 level=info component=configuration msg="Completed loading of configuration file" file=/etc/alertmanager.yml
ts=2024-06-11T08:41:46.328Z caller=main.go:441 level=info component=configuration msg="skipping creation of receiver not referenced by any route" receiver=disabled
ts=2024-06-11T08:41:46.339Z caller=tls_config.go:232 level=info msg="Listening on" address=127.0.0.1:9093
ts=2024-06-11T08:41:46.339Z caller=tls_config.go:235 level=info msg="TLS is disabled." http2=false address=127.0.0.1:9093
ts=2024-06-11T08:41:51.323Z caller=coordinator.go:113 level=info component=configuration msg="Loading configuration file" file=/etc/alertmanager.yml
ts=2024-06-11T08:41:51.324Z caller=coordinator.go:126 level=info component=configuration msg="Completed loading of configuration file" file=/etc/alertmanager.yml
ts=2024-06-11T08:41:51.332Z caller=main.go:441 level=info component=configuration msg="skipping creation of receiver not referenced by any route" receiver=disabled
ts=2024-06-11T08:42:42.044Z caller=main.go:583 level=info msg="Received SIGTERM, exiting gracefully..."
ts=2024-06-11T08:43:12.504Z caller=main.go:240 level=info msg="Starting Alertmanager" version="(version=0.25.0, branch=non-git, revision=non-git)"
ts=2024-06-11T08:43:12.505Z caller=main.go:241 level=info build_context="(go=go1.21.7, user=builder@d48d712ff792, date=20230208-00:00:00)"
ts=2024-06-11T08:43:13.546Z caller=coordinator.go:113 level=info component=configuration msg="Loading configuration file" file=/etc/alertmanager.yml
ts=2024-06-11T08:43:13.547Z caller=coordinator.go:126 level=info component=configuration msg="Completed loading of configuration file" file=/etc/alertmanager.yml
ts=2024-06-11T08:43:13.572Z caller=main.go:441 level=info component=configuration msg="skipping creation of receiver not referenced by any route" receiver=disabled
ts=2024-06-11T08:43:13.600Z caller=tls_config.go:232 level=info msg="Listening on" address=127.0.0.1:9093
ts=2024-06-11T08:43:13.600Z caller=tls_config.go:235 level=info msg="TLS is disabled." http2=false address=127.0.0.1:9093
ts=2024-06-11T08:43:18.827Z caller=coordinator.go:113 level=info component=configuration msg="Loading configuration file" file=/etc/alertmanager.yml
ts=2024-06-11T08:43:18.828Z caller=coordinator.go:126 level=info component=configuration msg="Completed loading of configuration file" file=/etc/alertmanager.yml
ts=2024-06-11T08:43:18.857Z caller=main.go:441 level=info component=configuration msg="skipping creation of receiver not referenced by any route" receiver=disabled
ts=2024-06-11T08:52:58.619Z caller=main.go:240 level=info msg="Starting Alertmanager" version="(version=0.25.0, branch=non-git, revision=non-git)"
ts=2024-06-11T08:52:58.621Z caller=main.go:241 level=info build_context="(go=go1.21.7, user=builder@d48d712ff792, date=20230208-00:00:00)"
ts=2024-06-11T08:52:58.946Z caller=coordinator.go:113 level=info component=configuration msg="Loading configuration file" file=/etc/alertmanager.yml
ts=2024-06-11T08:52:58.948Z caller=coordinator.go:126 level=info component=configuration msg="Completed loading of configuration file" file=/etc/alertmanager.yml
ts=2024-06-11T08:52:58.950Z caller=main.go:441 level=info component=configuration msg="skipping creation of receiver not referenced by any route" receiver=disabled
ts=2024-06-11T08:52:58.959Z caller=tls_config.go:232 level=info msg="Listening on" address=127.0.0.1:9093
ts=2024-06-11T08:52:58.959Z caller=tls_config.go:235 level=info msg="TLS is disabled." http2=false address=127.0.0.1:9093
ts=2024-06-11T08:53:09.758Z caller=coordinator.go:113 level=info component=configuration msg="Loading configuration file" file=/etc/alertmanager.yml
ts=2024-06-11T08:53:09.759Z caller=coordinator.go:126 level=info component=configuration msg="Completed loading of configuration file" file=/etc/alertmanager.yml
ts=2024-06-11T08:53:09.764Z caller=main.go:441 level=info component=configuration msg="skipping creation of receiver not referenced by any route" receiver=disabled
