ProjectName: pmm-update
Version: 2.42.0
PMMVersion: 2.42.0
Timestamp: 2024-06-06 09:48:19 (UTC)
FullCommit: 74e57527735bd062c4bd37adbd89c31bb14ebc15
Starting "ansible-playbook --flush-cache /usr/share/pmm-update/ansible/playbook/tasks/init.yml" ...
[WARNING]: provided hosts list is empty, only localhost is available. Note that
the implicit localhost does not match 'all'

PLAY [localhost] ***************************************************************

TASK [Gathering Facts] *********************************************************
ok: [localhost]

TASK [Run initialization role] *************************************************

TASK [initialization : Determine type of upgrade] ******************************
ok: [localhost]

TASK [initialization : Get current version] ************************************
ok: [localhost]

TASK [initialization : Get image version] **************************************
ok: [localhost]

TASK [initialization : Set current version if VERSION doesn't exist] ***********
skipping: [localhost]

TASK [initialization : Setting current PMM version] ****************************
ok: [localhost]

TASK [initialization : Setting current PMM image version] **********************
ok: [localhost]

TASK [initialization : Print current PMM and image versions] *******************
ok: [localhost] => {
    "msg": "Current version: 2.42.0 Image Version: 2.42.0"
}

TASK [initialization : Determine type of upgrade] ******************************
ok: [localhost]

TASK [initialization : Print Docker upgrade fact] ******************************
ok: [localhost] => {
    "msg": "Docker upgrade: False"
}

TASK [initialization : Enable maintenance mode only for docker upgrade] ********
skipping: [localhost]

TASK [initialization : Update repository settings] *****************************
skipping: [localhost]

TASK [initialization : Clean yum metadata] *************************************
changed: [localhost]

TASK [initialization : Create clickhouse data directory] ***********************
changed: [localhost]

TASK [initialization : Check that conversion flag isn't created] ***************
skipping: [localhost]

TASK [initialization : Create clickhouse data directory] ***********************
skipping: [localhost]

TASK [initialization : Create empty file to convert clickhouse databases from ordinary to atomic] ***
skipping: [localhost]

TASK [initialization : Restart clickhouse EL7] *********************************
skipping: [localhost]

TASK [initialization : Restart clickhouse EL9] *********************************
skipping: [localhost]

TASK [Upgrade dashboards] ******************************************************
skipping: [localhost]

TASK [initialization : Create backup directory] ********************************
changed: [localhost]

TASK [initialization : Check if Postgres 11 exists] ****************************
ok: [localhost]

TASK [Upgrade Postgres database] ***********************************************
skipping: [localhost]

TASK [initialization : Create grafana database in postgres] ********************
changed: [localhost]

TASK [initialization : Create grafana user in postgres] ************************
[DEPRECATION WARNING]: Param 'priv' is deprecated. See the module docs for more
 information. This feature will be removed from community.postgreql in version 
4.0.0. Deprecation warnings can be disabled by setting 
deprecation_warnings=False in ansible.cfg.
changed: [localhost]

TASK [initialization : Upgrade grafana database (Get the latest schema)] *******
skipping: [localhost]

TASK [initialization : Create working directory for Alertmanager] **************
ok: [localhost]

TASK [initialization : Create working directory for VictoriaMetrics] ***********
ok: [localhost]

TASK [initialization : Create empty configuration file for VictoriaMetrics] ****
changed: [localhost]

TASK [initialization : Check that the SQLite grafana database exists] **********
skipping: [localhost]

TASK [initialization : Remove database options (SQLite is default)] ************
skipping: [localhost]

TASK [initialization : Remove database host] ***********************************
skipping: [localhost]

TASK [initialization : Remove database user] ***********************************
skipping: [localhost]

TASK [initialization : Remove database password] *******************************
skipping: [localhost]

TASK [initialization : Upgrade grafana database (Get the latest schema)] *******
skipping: [localhost]

TASK [initialization : Start grafana again] ************************************
skipping: [localhost]

TASK [initialization : Wait for grafana] ***************************************
skipping: [localhost]

TASK [Migrate Grafana database from SQLite to Postgresql] **********************
skipping: [localhost]

TASK [initialization : Change default admin id] ********************************
skipping: [localhost]

TASK [initialization : Copy file with image version] ***************************
skipping: [localhost]

TASK [initialization : Wait for PMM to be ready] *******************************
skipping: [localhost]

TASK [initialization : Disable maintenance mode] *******************************
ok: [localhost]

PLAY RECAP *********************************************************************
localhost                  : ok=19   changed=6    unreachable=0    failed=0    skipped=23   rescued=0    ignored=0   

ProjectName: pmm-update
Version: 2.42.0
PMMVersion: 2.42.0
Timestamp: 2024-06-06 09:48:19 (UTC)
FullCommit: 74e57527735bd062c4bd37adbd89c31bb14ebc15
Starting "ansible-playbook --flush-cache /usr/share/pmm-update/ansible/playbook/tasks/init.yml" ...
[WARNING]: provided hosts list is empty, only localhost is available. Note that
the implicit localhost does not match 'all'

PLAY [localhost] ***************************************************************

TASK [Gathering Facts] *********************************************************
ok: [localhost]

TASK [Run initialization role] *************************************************

TASK [initialization : Determine type of upgrade] ******************************
ok: [localhost]

TASK [initialization : Get current version] ************************************
ok: [localhost]

TASK [initialization : Get image version] **************************************
ok: [localhost]

TASK [initialization : Set current version if VERSION doesn't exist] ***********
skipping: [localhost]

TASK [initialization : Setting current PMM version] ****************************
ok: [localhost]

TASK [initialization : Setting current PMM image version] **********************
ok: [localhost]

TASK [initialization : Print current PMM and image versions] *******************
ok: [localhost] => {
    "msg": "Current version: 2.42.0 Image Version: 2.42.0"
}

TASK [initialization : Determine type of upgrade] ******************************
ok: [localhost]

TASK [initialization : Print Docker upgrade fact] ******************************
ok: [localhost] => {
    "msg": "Docker upgrade: False"
}

TASK [initialization : Enable maintenance mode only for docker upgrade] ********
skipping: [localhost]

TASK [initialization : Update repository settings] *****************************
skipping: [localhost]

TASK [initialization : Clean yum metadata] *************************************
changed: [localhost]

TASK [initialization : Create clickhouse data directory] ***********************
ok: [localhost]

TASK [initialization : Check that conversion flag isn't created] ***************
skipping: [localhost]

TASK [initialization : Create clickhouse data directory] ***********************
skipping: [localhost]

TASK [initialization : Create empty file to convert clickhouse databases from ordinary to atomic] ***
skipping: [localhost]

TASK [initialization : Restart clickhouse EL7] *********************************
skipping: [localhost]

TASK [initialization : Restart clickhouse EL9] *********************************
skipping: [localhost]

TASK [Upgrade dashboards] ******************************************************
skipping: [localhost]

TASK [initialization : Create backup directory] ********************************
ok: [localhost]

TASK [initialization : Check if Postgres 11 exists] ****************************
ok: [localhost]

TASK [Upgrade Postgres database] ***********************************************
skipping: [localhost]

TASK [initialization : Create grafana database in postgres] ********************
ok: [localhost]

TASK [initialization : Create grafana user in postgres] ************************
[DEPRECATION WARNING]: Param 'priv' is deprecated. See the module docs for more
 information. This feature will be removed from community.postgreql in version 
4.0.0. Deprecation warnings can be disabled by setting 
deprecation_warnings=False in ansible.cfg.
ok: [localhost]

TASK [initialization : Upgrade grafana database (Get the latest schema)] *******
skipping: [localhost]

TASK [initialization : Create working directory for Alertmanager] **************
ok: [localhost]

TASK [initialization : Create working directory for VictoriaMetrics] ***********
ok: [localhost]

TASK [initialization : Create empty configuration file for VictoriaMetrics] ****
changed: [localhost]

TASK [initialization : Check that the SQLite grafana database exists] **********
skipping: [localhost]

TASK [initialization : Remove database options (SQLite is default)] ************
skipping: [localhost]

TASK [initialization : Remove database host] ***********************************
skipping: [localhost]

TASK [initialization : Remove database user] ***********************************
skipping: [localhost]

TASK [initialization : Remove database password] *******************************
skipping: [localhost]

TASK [initialization : Upgrade grafana database (Get the latest schema)] *******
skipping: [localhost]

TASK [initialization : Start grafana again] ************************************
skipping: [localhost]

TASK [initialization : Wait for grafana] ***************************************
skipping: [localhost]

TASK [Migrate Grafana database from SQLite to Postgresql] **********************
skipping: [localhost]

TASK [initialization : Change default admin id] ********************************
skipping: [localhost]

TASK [initialization : Copy file with image version] ***************************
skipping: [localhost]

TASK [initialization : Wait for PMM to be ready] *******************************
skipping: [localhost]

TASK [initialization : Disable maintenance mode] *******************************
ok: [localhost]

PLAY RECAP *********************************************************************
localhost                  : ok=19   changed=2    unreachable=0    failed=0    skipped=23   rescued=0    ignored=0   

ProjectName: pmm-update
Version: 2.42.0
PMMVersion: 2.42.0
Timestamp: 2024-06-06 09:48:19 (UTC)
FullCommit: 74e57527735bd062c4bd37adbd89c31bb14ebc15
Starting "ansible-playbook --flush-cache /usr/share/pmm-update/ansible/playbook/tasks/init.yml" ...
[WARNING]: provided hosts list is empty, only localhost is available. Note that
the implicit localhost does not match 'all'

PLAY [localhost] ***************************************************************

TASK [Gathering Facts] *********************************************************
ok: [localhost]

TASK [Run initialization role] *************************************************

TASK [initialization : Determine type of upgrade] ******************************
ok: [localhost]

TASK [initialization : Get current version] ************************************
ok: [localhost]

TASK [initialization : Get image version] **************************************
ok: [localhost]

TASK [initialization : Set current version if VERSION doesn't exist] ***********
skipping: [localhost]

TASK [initialization : Setting current PMM version] ****************************
ok: [localhost]

TASK [initialization : Setting current PMM image version] **********************
ok: [localhost]

TASK [initialization : Print current PMM and image versions] *******************
ok: [localhost] => {
    "msg": "Current version: 2.42.0 Image Version: 2.42.0"
}

TASK [initialization : Determine type of upgrade] ******************************
ok: [localhost]

TASK [initialization : Print Docker upgrade fact] ******************************
ok: [localhost] => {
    "msg": "Docker upgrade: False"
}

TASK [initialization : Enable maintenance mode only for docker upgrade] ********
skipping: [localhost]

TASK [initialization : Update repository settings] *****************************
skipping: [localhost]

TASK [initialization : Clean yum metadata] *************************************
changed: [localhost]

TASK [initialization : Create clickhouse data directory] ***********************
ok: [localhost]

TASK [initialization : Check that conversion flag isn't created] ***************
skipping: [localhost]

TASK [initialization : Create clickhouse data directory] ***********************
skipping: [localhost]

TASK [initialization : Create empty file to convert clickhouse databases from ordinary to atomic] ***
skipping: [localhost]

TASK [initialization : Restart clickhouse EL7] *********************************
skipping: [localhost]

TASK [initialization : Restart clickhouse EL9] *********************************
skipping: [localhost]

TASK [Upgrade dashboards] ******************************************************
skipping: [localhost]

TASK [initialization : Create backup directory] ********************************
ProjectName: pmm-update
Version: 2.42.0
PMMVersion: 2.42.0
Timestamp: 2024-06-06 09:48:19 (UTC)
FullCommit: 74e57527735bd062c4bd37adbd89c31bb14ebc15
Starting "ansible-playbook --flush-cache /usr/share/pmm-update/ansible/playbook/tasks/init.yml" ...
[WARNING]: provided hosts list is empty, only localhost is available. Note that
the implicit localhost does not match 'all'

PLAY [localhost] ***************************************************************

TASK [Gathering Facts] *********************************************************
ok: [localhost]

TASK [Run initialization role] *************************************************

TASK [initialization : Determine type of upgrade] ******************************
ok: [localhost]

TASK [initialization : Get current version] ************************************
ok: [localhost]

TASK [initialization : Get image version] **************************************
ok: [localhost]

TASK [initialization : Set current version if VERSION doesn't exist] ***********
skipping: [localhost]

TASK [initialization : Setting current PMM version] ****************************
ok: [localhost]

TASK [initialization : Setting current PMM image version] **********************
ok: [localhost]

TASK [initialization : Print current PMM and image versions] *******************
ok: [localhost] => {
    "msg": "Current version: 2.42.0 Image Version: 2.42.0"
}

TASK [initialization : Determine type of upgrade] ******************************
ok: [localhost]

TASK [initialization : Print Docker upgrade fact] ******************************
ok: [localhost] => {
    "msg": "Docker upgrade: False"
}

TASK [initialization : Enable maintenance mode only for docker upgrade] ********
skipping: [localhost]

TASK [initialization : Update repository settings] *****************************
skipping: [localhost]

TASK [initialization : Clean yum metadata] *************************************
changed: [localhost]

TASK [initialization : Create clickhouse data directory] ***********************
ok: [localhost]

TASK [initialization : Check that conversion flag isn't created] ***************
skipping: [localhost]

TASK [initialization : Create clickhouse data directory] ***********************
skipping: [localhost]

TASK [initialization : Create empty file to convert clickhouse databases from ordinary to atomic] ***
skipping: [localhost]

TASK [initialization : Restart clickhouse EL7] *********************************
skipping: [localhost]

TASK [initialization : Restart clickhouse EL9] *********************************
skipping: [localhost]

TASK [Upgrade dashboards] ******************************************************
skipping: [localhost]

TASK [initialization : Create backup directory] ********************************
ok: [localhost]

TASK [initialization : Check if Postgres 11 exists] ****************************
ok: [localhost]

TASK [Upgrade Postgres database] ***********************************************
skipping: [localhost]

TASK [initialization : Create grafana database in postgres] ********************
ok: [localhost]

TASK [initialization : Create grafana user in postgres] ************************
[DEPRECATION WARNING]: Param 'priv' is deprecated. See the module docs for more
 information. This feature will be removed from community.postgreql in version 
4.0.0. Deprecation warnings can be disabled by setting 
deprecation_warnings=False in ansible.cfg.
ok: [localhost]

TASK [initialization : Upgrade grafana database (Get the latest schema)] *******
skipping: [localhost]

TASK [initialization : Create working directory for Alertmanager] **************
ok: [localhost]

TASK [initialization : Create working directory for VictoriaMetrics] ***********
ok: [localhost]

TASK [initialization : Create empty configuration file for VictoriaMetrics] ****
changed: [localhost]

TASK [initialization : Check that the SQLite grafana database exists] **********
skipping: [localhost]

TASK [initialization : Remove database options (SQLite is default)] ************
skipping: [localhost]

TASK [initialization : Remove database host] ***********************************
skipping: [localhost]

TASK [initialization : Remove database user] ***********************************
skipping: [localhost]

TASK [initialization : Remove database password] *******************************
skipping: [localhost]

TASK [initialization : Upgrade grafana database (Get the latest schema)] *******
skipping: [localhost]

TASK [initialization : Start grafana again] ************************************
skipping: [localhost]

TASK [initialization : Wait for grafana] ***************************************
skipping: [localhost]

TASK [Migrate Grafana database from SQLite to Postgresql] **********************
skipping: [localhost]

TASK [initialization : Change default admin id] ********************************
skipping: [localhost]

TASK [initialization : Copy file with image version] ***************************
skipping: [localhost]

TASK [initialization : Wait for PMM to be ready] *******************************
skipping: [localhost]

TASK [initialization : Disable maintenance mode] *******************************
ok: [localhost]

PLAY RECAP *********************************************************************
localhost                  : ok=19   changed=2    unreachable=0    failed=0    skipped=23   rescued=0    ignored=0   

