2024-06-11 08:39:50.131 UTC [126] LOG:  starting PostgreSQL 14.11 - Percona Distribution on x86_64-pc-linux-gnu, compiled by gcc (GCC) 11.4.1 20230605 (Red Hat 11.4.1-2.1.0.1), 64-bit
2024-06-11 08:39:50.131 UTC [126] LOG:  listening on IPv4 address "127.0.0.1", port 5432
2024-06-11 08:39:50.131 UTC [126] LOG:  could not bind IPv6 address "::1": Cannot assign requested address
2024-06-11 08:39:50.141 UTC [126] LOG:  listening on Unix socket "/run/postgresql/.s.PGSQL.5432"
2024-06-11 08:39:50.180 UTC [126] LOG:  listening on Unix socket "/tmp/.s.PGSQL.5432"
2024-06-11 08:39:50.279 UTC [182] LOG:  database system was shut down at 2024-06-11 08:39:46 UTC
2024-06-11 08:39:50.394 UTC [126] LOG:  database system is ready to accept connections
2024-06-11 08:39:51.327 UTC [201] FATAL:  role "pmm-managed" does not exist
2024-06-11 08:39:52.167 UTC [208] FATAL:  role "grafana" does not exist
2024-06-11 08:39:53.838 UTC [223] FATAL:  role "grafana" does not exist
2024-06-11 08:39:55.292 UTC [204] ERROR:  syntax error at or near "$1" at character 34
2024-06-11 08:39:55.292 UTC [204] STATEMENT:  GRANT ALL PRIVILEGES ON DATABASE $1 TO $2
2024-06-11 08:39:55.892 UTC [488] FATAL:  role "grafana" does not exist
2024-06-11 08:39:56.439 UTC [504] ERROR:  relation "schema_migrations" does not exist at character 16
2024-06-11 08:39:56.439 UTC [504] STATEMENT:  SELECT id FROM schema_migrations ORDER BY id DESC LIMIT 1
2024-06-11 08:39:57.132 UTC [507] FATAL:  role "grafana" does not exist
2024-06-11 08:39:58.871 UTC [531] FATAL:  role "grafana" does not exist
2024-06-11 08:40:00.720 UTC [552] FATAL:  role "grafana" does not exist
2024-06-11 08:40:06.005 UTC [611] FATAL:  role "grafana" does not exist
2024-06-11 08:40:07.653 UTC [642] FATAL:  role "grafana" does not exist
2024-06-11 08:40:08.949 UTC [679] FATAL:  role "grafana" does not exist
2024-06-11 08:40:10.209 UTC [709] FATAL:  role "grafana" does not exist
2024-06-11 08:40:12.079 UTC [745] FATAL:  role "grafana" does not exist
2024-06-11 08:40:13.156 UTC [758] FATAL:  role "grafana" does not exist
2024-06-11 08:40:14.993 UTC [789] FATAL:  role "grafana" does not exist
2024-06-11 08:40:17.487 UTC [837] FATAL:  role "grafana" does not exist
2024-06-11 08:40:19.100 UTC [864] FATAL:  role "grafana" does not exist
2024-06-11 08:40:20.158 UTC [883] FATAL:  role "grafana" does not exist
2024-06-11 08:40:22.130 UTC [935] FATAL:  role "grafana" does not exist
2024-06-11 08:40:25.533 UTC [973] FATAL:  role "grafana" does not exist
2024-06-11 08:40:26.989 UTC [993] FATAL:  role "grafana" does not exist
2024-06-11 08:40:27.851 UTC [1012] FATAL:  role "grafana" does not exist
2024-06-11 08:41:33.374 UTC [126] LOG:  received fast shutdown request
2024-06-11 08:41:33.386 UTC [126] LOG:  aborting any active transactions
2024-06-11 08:41:33.390 UTC [126] LOG:  background worker "logical replication launcher" (PID 189) exited with exit code 1
2024-06-11 08:41:33.390 UTC [184] LOG:  shutting down
2024-06-11 08:41:34.186 UTC [126] LOG:  database system is shut down
2024-06-11 08:41:45.699 UTC [18] LOG:  starting PostgreSQL 14.11 - Percona Distribution on x86_64-pc-linux-gnu, compiled by gcc (GCC) 11.4.1 20230605 (Red Hat 11.4.1-2.1.0.1), 64-bit
2024-06-11 08:41:45.699 UTC [18] LOG:  listening on IPv4 address "127.0.0.1", port 5432
2024-06-11 08:41:45.699 UTC [18] LOG:  could not bind IPv6 address "::1": Cannot assign requested address
2024-06-11 08:41:45.735 UTC [18] LOG:  listening on Unix socket "/run/postgresql/.s.PGSQL.5432"
2024-06-11 08:41:45.801 UTC [18] LOG:  listening on Unix socket "/tmp/.s.PGSQL.5432"
2024-06-11 08:41:46.009 UTC [63] LOG:  database system was shut down at 2024-06-11 08:41:34 UTC
2024-06-11 08:41:46.280 UTC [65] FATAL:  the database system is starting up
2024-06-11 08:41:46.506 UTC [18] LOG:  database system is ready to accept connections
2024-06-11 08:42:33.398 UTC [966] WARNING:  could not open statistics file "pg_stat_tmp/global.stat": Operation not permitted
2024-06-11 08:42:46.695 UTC [71] WARNING:  could not open statistics file "pg_stat_tmp/global.stat": Operation not permitted
2024-06-11 08:42:48.148 UTC [18] LOG:  received fast shutdown request
2024-06-11 08:42:48.151 UTC [18] LOG:  aborting any active transactions
2024-06-11 08:42:48.164 UTC [18] LOG:  background worker "logical replication launcher" (PID 73) exited with exit code 1
2024-06-11 08:42:48.165 UTC [68] LOG:  shutting down
2024-06-11 08:42:48.783 UTC [18] LOG:  database system is shut down
2024-06-11 08:43:12.468 UTC [14] LOG:  starting PostgreSQL 14.11 - Percona Distribution on x86_64-pc-linux-gnu, compiled by gcc (GCC) 11.4.1 20230605 (Red Hat 11.4.1-2.1.0.1), 64-bit
2024-06-11 08:43:12.470 UTC [14] LOG:  listening on IPv4 address "127.0.0.1", port 5432
2024-06-11 08:43:12.470 UTC [14] LOG:  could not bind IPv6 address "::1": Cannot assign requested address
2024-06-11 08:43:12.481 UTC [14] LOG:  listening on Unix socket "/run/postgresql/.s.PGSQL.5432"
2024-06-11 08:43:12.488 UTC [14] LOG:  listening on Unix socket "/tmp/.s.PGSQL.5432"
2024-06-11 08:43:12.893 UTC [62] LOG:  database system was shut down at 2024-06-11 08:42:48 UTC
2024-06-11 08:43:13.171 UTC [14] LOG:  database system is ready to accept connections
2024-06-11 08:43:35.113 UTC [581] ERROR:  canceling statement due to user request
2024-06-11 08:43:35.113 UTC [581] STATEMENT:  SELECT pg_database_size($1)
2024-06-11 08:52:58.501 UTC [13] LOG:  starting PostgreSQL 14.11 - Percona Distribution on x86_64-pc-linux-gnu, compiled by gcc (GCC) 11.4.1 20230605 (Red Hat 11.4.1-2.1.0.1), 64-bit
2024-06-11 08:52:58.502 UTC [13] LOG:  listening on IPv4 address "127.0.0.1", port 5432
2024-06-11 08:52:58.502 UTC [13] LOG:  could not bind IPv6 address "::1": Cannot assign requested address
2024-06-11 08:52:58.524 UTC [13] LOG:  listening on Unix socket "/run/postgresql/.s.PGSQL.5432"
2024-06-11 08:52:58.537 UTC [13] LOG:  listening on Unix socket "/tmp/.s.PGSQL.5432"
2024-06-11 08:52:58.648 UTC [60] LOG:  database system was interrupted; last known up at 2024-06-11 08:43:13 UTC
2024-06-11 08:52:59.279 UTC [72] FATAL:  the database system is starting up
2024-06-11 08:52:59.616 UTC [78] FATAL:  the database system is starting up
2024-06-11 08:53:00.294 UTC [94] FATAL:  the database system is starting up
2024-06-11 08:53:00.310 UTC [95] FATAL:  the database system is starting up
2024-06-11 08:53:01.313 UTC [100] FATAL:  the database system is starting up
2024-06-11 08:53:02.079 UTC [368] FATAL:  the database system is starting up
2024-06-11 08:53:02.322 UTC [389] FATAL:  the database system is starting up
2024-06-11 08:53:03.324 UTC [427] FATAL:  the database system is starting up
2024-06-11 08:53:04.341 UTC [464] FATAL:  the database system is starting up
2024-06-11 08:53:04.704 UTC [479] FATAL:  the database system is starting up
2024-06-11 08:53:05.347 UTC [498] FATAL:  the database system is starting up
2024-06-11 08:53:06.314 UTC [60] LOG:  database system was not properly shut down; automatic recovery in progress
2024-06-11 08:53:06.351 UTC [529] FATAL:  the database system is starting up
2024-06-11 08:53:06.358 UTC [60] LOG:  redo starts at 0/1E1A730
2024-06-11 08:53:06.362 UTC [60] LOG:  invalid record length at 0/1E1D528: wanted 24, got 0
2024-06-11 08:53:06.362 UTC [60] LOG:  redo done at 0/1E1D4F0 system usage: CPU: user: 0.00 s, system: 0.00 s, elapsed: 0.00 s
2024-06-11 08:53:06.380 UTC [13] LOG:  database system is ready to accept connections
2024-06-11 08:53:40.604 UTC [982] WARNING:  could not open statistics file "pg_stat_tmp/global.stat": Operation not permitted
2024-06-11 08:53:55.954 UTC [1041] WARNING:  could not open statistics file "pg_stat_tmp/global.stat": Operation not permitted
